<?xml version="1.0" encoding="UTF-8"?>
<testsuite name="com.allstate.models.HelloTest" tests="1" skipped="0" failures="0" errors="0" timestamp="2017-01-11T10:12:38" hostname="COMPOZED-AL-021" time="0.0">
  <properties/>
  <testcase name="shouldCreateNewInstance" classname="com.allstate.models.HelloTest" time="0.0"/>
  <system-out><![CDATA[]]></system-out>
  <system-err><![CDATA[]]></system-err>
</testsuite>
