<?xml version="1.0" encoding="UTF-8"?>
<testsuite name="com.allstate.models.PointTest" tests="3" skipped="0" failures="0" errors="0" timestamp="2017-01-11T10:12:38" hostname="COMPOZED-AL-021" time="0.0">
  <properties/>
  <testcase name="slope" classname="com.allstate.models.PointTest" time="0.0"/>
  <testcase name="yIntercept" classname="com.allstate.models.PointTest" time="0.0"/>
  <testcase name="distance" classname="com.allstate.models.PointTest" time="0.0"/>
  <system-out><![CDATA[]]></system-out>
  <system-err><![CDATA[]]></system-err>
</testsuite>
