<?xml version="1.0" encoding="UTF-8"?>
<testsuite name="com.allstate.controllers.PointsControllerTest" tests="3" skipped="0" failures="0" errors="0" timestamp="2017-01-11T10:12:38" hostname="COMPOZED-AL-021" time="0.035">
  <properties/>
  <testcase name="slope" classname="com.allstate.controllers.PointsControllerTest" time="0.028"/>
  <testcase name="yIntercept" classname="com.allstate.controllers.PointsControllerTest" time="0.002"/>
  <testcase name="distance" classname="com.allstate.controllers.PointsControllerTest" time="0.003"/>
  <system-out><![CDATA[2017-01-11 15:42:38.167  INFO 25239 --- [    Test worker] .b.t.a.w.s.WebMvcTestContextBootstrapper : Neither @ContextConfiguration nor @ContextHierarchy found for test class [com.allstate.controllers.PointsControllerTest], using SpringBootContextLoader
2017-01-11 15:42:38.167  INFO 25239 --- [    Test worker] o.s.t.c.support.AbstractContextLoader    : Could not detect default resource locations for test class [com.allstate.controllers.PointsControllerTest]: no resource found for suffixes {-context.xml, Context.groovy}.
2017-01-11 15:42:38.167  INFO 25239 --- [    Test worker] t.c.s.AnnotationConfigContextLoaderUtils : Could not detect default configuration classes for test class [com.allstate.controllers.PointsControllerTest]: PointsControllerTest does not declare any static, non-private, non-final, nested classes annotated with @Configuration.
2017-01-11 15:42:38.170  INFO 25239 --- [    Test worker] .b.t.c.SpringBootTestContextBootstrapper : Found @SpringBootConfiguration com.allstate.SpringBasicsApplication for test class com.allstate.controllers.PointsControllerTest
2017-01-11 15:42:38.172  INFO 25239 --- [    Test worker] .b.t.a.w.s.WebMvcTestContextBootstrapper : Loaded default TestExecutionListener class names from location [META-INF/spring.factories]: [org.springframework.boot.test.mock.mockito.MockitoTestExecutionListener, org.springframework.boot.test.mock.mockito.ResetMocksTestExecutionListener, org.springframework.boot.test.autoconfigure.restdocs.RestDocsTestExecutionListener, org.springframework.boot.test.autoconfigure.web.client.MockRestServiceServerResetTestExecutionListener, org.springframework.boot.test.autoconfigure.web.servlet.MockMvcPrintOnlyOnFailureTestExecutionListener, org.springframework.boot.test.autoconfigure.web.servlet.WebDriverTestExecutionListener, org.springframework.test.context.web.ServletTestExecutionListener, org.springframework.test.context.support.DirtiesContextBeforeModesTestExecutionListener, org.springframework.test.context.support.DependencyInjectionTestExecutionListener, org.springframework.test.context.support.DirtiesContextTestExecutionListener, org.springframework.test.context.transaction.TransactionalTestExecutionListener, org.springframework.test.context.jdbc.SqlScriptsTestExecutionListener]
2017-01-11 15:42:38.174  INFO 25239 --- [    Test worker] .b.t.a.w.s.WebMvcTestContextBootstrapper : Could not instantiate TestExecutionListener [org.springframework.test.context.jdbc.SqlScriptsTestExecutionListener]. Specify custom listener classes or make the default listener classes (and their required dependencies) available. Offending class: [org/springframework/transaction/interceptor/TransactionAttribute]
2017-01-11 15:42:38.174  INFO 25239 --- [    Test worker] .b.t.a.w.s.WebMvcTestContextBootstrapper : Could not instantiate TestExecutionListener [org.springframework.test.context.transaction.TransactionalTestExecutionListener]. Specify custom listener classes or make the default listener classes (and their required dependencies) available. Offending class: [org/springframework/transaction/interceptor/TransactionAttributeSource]
2017-01-11 15:42:38.174  INFO 25239 --- [    Test worker] .b.t.a.w.s.WebMvcTestContextBootstrapper : Using TestExecutionListeners: [org.springframework.test.context.web.ServletTestExecutionListener@381d052b, org.springframework.test.context.support.DirtiesContextBeforeModesTestExecutionListener@4b2a022, org.springframework.boot.test.autoconfigure.SpringBootDependencyInjectionTestExecutionListener@60af05bf, org.springframework.test.context.support.DirtiesContextTestExecutionListener@79b76e98, org.springframework.boot.test.autoconfigure.web.servlet.MockMvcPrintOnlyOnFailureTestExecutionListener@29d308d8, org.springframework.boot.test.autoconfigure.web.servlet.WebDriverTestExecutionListener@38710e70, org.springframework.boot.test.mock.mockito.MockitoTestExecutionListener@20eb763c, org.springframework.boot.test.autoconfigure.web.client.MockRestServiceServerResetTestExecutionListener@62ea1f17, org.springframework.boot.test.mock.mockito.ResetMocksTestExecutionListener@53ce5e5a, org.springframework.boot.test.autoconfigure.restdocs.RestDocsTestExecutionListener@637cd8dd]

  .   ____          _            __ _ _
 /\\ / ___'_ __ _ _(_)_ __  __ _ \ \ \ \
( ( )\___ | '_ | '_| | '_ \/ _` | \ \ \ \
 \\/  ___)| |_)| | | | | || (_| |  ) ) ) )
  '  |____| .__|_| |_|_| |_\__, | / / / /
 =========|_|==============|___/=/_/_/_/
 :: Spring Boot ::        (v1.4.3.RELEASE)

2017-01-11 15:42:38.192  INFO 25239 --- [    Test worker] c.a.controllers.PointsControllerTest     : Starting PointsControllerTest on COMPOZED-AL-021 with PID 25239 (started by localadmin in /Users/localadmin/workspace/abhi/springbasics)
2017-01-11 15:42:38.193  INFO 25239 --- [    Test worker] c.a.controllers.PointsControllerTest     : No active profile set, falling back to default profiles: default
2017-01-11 15:42:38.194  INFO 25239 --- [    Test worker] o.s.w.c.s.GenericWebApplicationContext   : Refreshing org.springframework.web.context.support.GenericWebApplicationContext@2f3dab80: startup date [Wed Jan 11 15:42:38 IST 2017]; root of context hierarchy
2017-01-11 15:42:38.355  INFO 25239 --- [    Test worker] s.w.s.m.m.a.RequestMappingHandlerAdapter : Looking for @ControllerAdvice: org.springframework.web.context.support.GenericWebApplicationContext@2f3dab80: startup date [Wed Jan 11 15:42:38 IST 2017]; root of context hierarchy
2017-01-11 15:42:38.363  INFO 25239 --- [    Test worker] s.w.s.m.m.a.RequestMappingHandlerMapping : Mapped "{[/points/slope],methods=[POST]}" onto public java.util.Map<java.lang.String, java.lang.Double> com.allstate.controllers.PointsController.slope(java.util.List<com.allstate.models.Point>)
2017-01-11 15:42:38.364  INFO 25239 --- [    Test worker] s.w.s.m.m.a.RequestMappingHandlerMapping : Mapped "{[/points/distance],methods=[POST]}" onto public java.util.Map<java.lang.String, java.lang.Double> com.allstate.controllers.PointsController.distance(java.util.List<com.allstate.models.Point>)
2017-01-11 15:42:38.364  INFO 25239 --- [    Test worker] s.w.s.m.m.a.RequestMappingHandlerMapping : Mapped "{[/points/yintercept],methods=[POST]}" onto public java.util.Map<java.lang.String, java.lang.Double> com.allstate.controllers.PointsController.yIntercept(java.util.List<com.allstate.models.Point>)
2017-01-11 15:42:38.380  INFO 25239 --- [    Test worker] o.s.w.s.handler.SimpleUrlHandlerMapping  : Mapped URL path [/webjars/**] onto handler of type [class org.springframework.web.servlet.resource.ResourceHttpRequestHandler]
2017-01-11 15:42:38.380  INFO 25239 --- [    Test worker] o.s.w.s.handler.SimpleUrlHandlerMapping  : Mapped URL path [/**] onto handler of type [class org.springframework.web.servlet.resource.ResourceHttpRequestHandler]
2017-01-11 15:42:38.396  INFO 25239 --- [    Test worker] o.s.w.s.handler.SimpleUrlHandlerMapping  : Mapped URL path [/**/favicon.ico] onto handler of type [class org.springframework.web.servlet.resource.ResourceHttpRequestHandler]
2017-01-11 15:42:38.432  INFO 25239 --- [    Test worker] o.s.b.t.m.w.SpringBootMockServletContext : Initializing Spring FrameworkServlet ''
2017-01-11 15:42:38.432  INFO 25239 --- [    Test worker] o.s.t.web.servlet.TestDispatcherServlet  : FrameworkServlet '': initialization started
2017-01-11 15:42:38.439  INFO 25239 --- [    Test worker] o.s.t.web.servlet.TestDispatcherServlet  : FrameworkServlet '': initialization completed in 6 ms
2017-01-11 15:42:38.488  INFO 25239 --- [    Test worker] c.a.controllers.PointsControllerTest     : Started PointsControllerTest in 0.311 seconds (JVM running for 2.406)
]]></system-out>
  <system-err><![CDATA[]]></system-err>
</testsuite>
