<?xml version="1.0" encoding="UTF-8"?>
<testsuite name="com.allstate.SpringBasicsApplicationTests" tests="1" skipped="0" failures="0" errors="0" timestamp="2017-01-11T10:12:39" hostname="COMPOZED-AL-021" time="0.0">
  <properties/>
  <testcase name="contextLoads" classname="com.allstate.SpringBasicsApplicationTests" time="0.0"/>
  <system-out><![CDATA[2017-01-11 15:42:38.786  INFO 25239 --- [    Test worker] .b.t.c.SpringBootTestContextBootstrapper : Neither @ContextConfiguration nor @ContextHierarchy found for test class [com.allstate.SpringBasicsApplicationTests], using SpringBootContextLoader
2017-01-11 15:42:38.786  INFO 25239 --- [    Test worker] o.s.t.c.support.AbstractContextLoader    : Could not detect default resource locations for test class [com.allstate.SpringBasicsApplicationTests]: no resource found for suffixes {-context.xml, Context.groovy}.
2017-01-11 15:42:38.786  INFO 25239 --- [    Test worker] t.c.s.AnnotationConfigContextLoaderUtils : Could not detect default configuration classes for test class [com.allstate.SpringBasicsApplicationTests]: SpringBasicsApplicationTests does not declare any static, non-private, non-final, nested classes annotated with @Configuration.
2017-01-11 15:42:38.789  INFO 25239 --- [    Test worker] .b.t.c.SpringBootTestContextBootstrapper : Found @SpringBootConfiguration com.allstate.SpringBasicsApplication for test class com.allstate.SpringBasicsApplicationTests
2017-01-11 15:42:38.790  INFO 25239 --- [    Test worker] .b.t.c.SpringBootTestContextBootstrapper : Loaded default TestExecutionListener class names from location [META-INF/spring.factories]: [org.springframework.boot.test.mock.mockito.MockitoTestExecutionListener, org.springframework.boot.test.mock.mockito.ResetMocksTestExecutionListener, org.springframework.boot.test.autoconfigure.restdocs.RestDocsTestExecutionListener, org.springframework.boot.test.autoconfigure.web.client.MockRestServiceServerResetTestExecutionListener, org.springframework.boot.test.autoconfigure.web.servlet.MockMvcPrintOnlyOnFailureTestExecutionListener, org.springframework.boot.test.autoconfigure.web.servlet.WebDriverTestExecutionListener, org.springframework.test.context.web.ServletTestExecutionListener, org.springframework.test.context.support.DirtiesContextBeforeModesTestExecutionListener, org.springframework.test.context.support.DependencyInjectionTestExecutionListener, org.springframework.test.context.support.DirtiesContextTestExecutionListener, org.springframework.test.context.transaction.TransactionalTestExecutionListener, org.springframework.test.context.jdbc.SqlScriptsTestExecutionListener]
2017-01-11 15:42:38.791  INFO 25239 --- [    Test worker] .b.t.c.SpringBootTestContextBootstrapper : Could not instantiate TestExecutionListener [org.springframework.test.context.jdbc.SqlScriptsTestExecutionListener]. Specify custom listener classes or make the default listener classes (and their required dependencies) available. Offending class: [org/springframework/transaction/interceptor/TransactionAttribute]
2017-01-11 15:42:38.791  INFO 25239 --- [    Test worker] .b.t.c.SpringBootTestContextBootstrapper : Could not instantiate TestExecutionListener [org.springframework.test.context.transaction.TransactionalTestExecutionListener]. Specify custom listener classes or make the default listener classes (and their required dependencies) available. Offending class: [org/springframework/transaction/interceptor/TransactionAttributeSource]
2017-01-11 15:42:38.791  INFO 25239 --- [    Test worker] .b.t.c.SpringBootTestContextBootstrapper : Using TestExecutionListeners: [org.springframework.test.context.web.ServletTestExecutionListener@3673de1, org.springframework.test.context.support.DirtiesContextBeforeModesTestExecutionListener@71560f3d, org.springframework.boot.test.autoconfigure.SpringBootDependencyInjectionTestExecutionListener@5f100348, org.springframework.test.context.support.DirtiesContextTestExecutionListener@1e86a4c9, org.springframework.boot.test.autoconfigure.web.servlet.MockMvcPrintOnlyOnFailureTestExecutionListener@24b40acd, org.springframework.boot.test.autoconfigure.web.servlet.WebDriverTestExecutionListener@655ac681, org.springframework.boot.test.mock.mockito.MockitoTestExecutionListener@3a0f9321, org.springframework.boot.test.autoconfigure.web.client.MockRestServiceServerResetTestExecutionListener@1104c845, org.springframework.boot.test.mock.mockito.ResetMocksTestExecutionListener@15624aca, org.springframework.boot.test.autoconfigure.restdocs.RestDocsTestExecutionListener@263ff829]

  .   ____          _            __ _ _
 /\\ / ___'_ __ _ _(_)_ __  __ _ \ \ \ \
( ( )\___ | '_ | '_| | '_ \/ _` | \ \ \ \
 \\/  ___)| |_)| | | | | || (_| |  ) ) ) )
  '  |____| .__|_| |_|_| |_\__, | / / / /
 =========|_|==============|___/=/_/_/_/
 :: Spring Boot ::        (v1.4.3.RELEASE)

2017-01-11 15:42:38.804  INFO 25239 --- [    Test worker] c.allstate.SpringBasicsApplicationTests  : Starting SpringBasicsApplicationTests on COMPOZED-AL-021 with PID 25239 (started by localadmin in /Users/localadmin/workspace/abhi/springbasics)
2017-01-11 15:42:38.804  INFO 25239 --- [    Test worker] c.allstate.SpringBasicsApplicationTests  : No active profile set, falling back to default profiles: default
2017-01-11 15:42:38.805  INFO 25239 --- [    Test worker] o.s.w.c.s.GenericWebApplicationContext   : Refreshing org.springframework.web.context.support.GenericWebApplicationContext@6ef05e87: startup date [Wed Jan 11 15:42:38 IST 2017]; root of context hierarchy
2017-01-11 15:42:39.106  INFO 25239 --- [    Test worker] s.w.s.m.m.a.RequestMappingHandlerAdapter : Looking for @ControllerAdvice: org.springframework.web.context.support.GenericWebApplicationContext@6ef05e87: startup date [Wed Jan 11 15:42:38 IST 2017]; root of context hierarchy
2017-01-11 15:42:39.113  INFO 25239 --- [    Test worker] s.w.s.m.m.a.RequestMappingHandlerMapping : Mapped "{[/],methods=[GET]}" onto public com.allstate.models.Hello com.allstate.controllers.MainController.home()
2017-01-11 15:42:39.113  INFO 25239 --- [    Test worker] s.w.s.m.m.a.RequestMappingHandlerMapping : Mapped "{[/math/square/{x}]}" onto public java.util.Map<java.lang.String, java.lang.Integer> com.allstate.controllers.MathController.square(int)
2017-01-11 15:42:39.113  INFO 25239 --- [    Test worker] s.w.s.m.m.a.RequestMappingHandlerMapping : Mapped "{[/math/factorial/{x}]}" onto public java.util.Map<java.lang.String, java.lang.Integer> com.allstate.controllers.MathController.factorial(int)
2017-01-11 15:42:39.113  INFO 25239 --- [    Test worker] s.w.s.m.m.a.RequestMappingHandlerMapping : Mapped "{[/math/fibonacci/{x}]}" onto public java.util.Map<java.lang.String, java.lang.Integer> com.allstate.controllers.MathController.fibonacci(int)
2017-01-11 15:42:39.114  INFO 25239 --- [    Test worker] s.w.s.m.m.a.RequestMappingHandlerMapping : Mapped "{[/points/slope],methods=[POST]}" onto public java.util.Map<java.lang.String, java.lang.Double> com.allstate.controllers.PointsController.slope(java.util.List<com.allstate.models.Point>)
2017-01-11 15:42:39.114  INFO 25239 --- [    Test worker] s.w.s.m.m.a.RequestMappingHandlerMapping : Mapped "{[/points/distance],methods=[POST]}" onto public java.util.Map<java.lang.String, java.lang.Double> com.allstate.controllers.PointsController.distance(java.util.List<com.allstate.models.Point>)
2017-01-11 15:42:39.114  INFO 25239 --- [    Test worker] s.w.s.m.m.a.RequestMappingHandlerMapping : Mapped "{[/points/yintercept],methods=[POST]}" onto public java.util.Map<java.lang.String, java.lang.Double> com.allstate.controllers.PointsController.yIntercept(java.util.List<com.allstate.models.Point>)
2017-01-11 15:42:39.115  INFO 25239 --- [    Test worker] s.w.s.m.m.a.RequestMappingHandlerMapping : Mapped "{[/triangle/area],methods=[POST]}" onto public java.util.Map<java.lang.String, java.lang.Integer> com.allstate.controllers.TriangleController.area(java.util.List<com.allstate.models.Triangle>)
2017-01-11 15:42:39.116  INFO 25239 --- [    Test worker] s.w.s.m.m.a.RequestMappingHandlerMapping : Mapped "{[/error]}" onto public org.springframework.http.ResponseEntity<java.util.Map<java.lang.String, java.lang.Object>> org.springframework.boot.autoconfigure.web.BasicErrorController.error(javax.servlet.http.HttpServletRequest)
2017-01-11 15:42:39.116  INFO 25239 --- [    Test worker] s.w.s.m.m.a.RequestMappingHandlerMapping : Mapped "{[/error],produces=[text/html]}" onto public org.springframework.web.servlet.ModelAndView org.springframework.boot.autoconfigure.web.BasicErrorController.errorHtml(javax.servlet.http.HttpServletRequest,javax.servlet.http.HttpServletResponse)
2017-01-11 15:42:39.139  INFO 25239 --- [    Test worker] o.s.w.s.handler.SimpleUrlHandlerMapping  : Mapped URL path [/webjars/**] onto handler of type [class org.springframework.web.servlet.resource.ResourceHttpRequestHandler]
2017-01-11 15:42:39.139  INFO 25239 --- [    Test worker] o.s.w.s.handler.SimpleUrlHandlerMapping  : Mapped URL path [/**] onto handler of type [class org.springframework.web.servlet.resource.ResourceHttpRequestHandler]
2017-01-11 15:42:39.150  INFO 25239 --- [    Test worker] o.s.w.s.handler.SimpleUrlHandlerMapping  : Mapped URL path [/**/favicon.ico] onto handler of type [class org.springframework.web.servlet.resource.ResourceHttpRequestHandler]
2017-01-11 15:42:39.208  INFO 25239 --- [    Test worker] c.allstate.SpringBasicsApplicationTests  : Started SpringBasicsApplicationTests in 0.415 seconds (JVM running for 3.126)
]]></system-out>
  <system-err><![CDATA[]]></system-err>
</testsuite>
