<?xml version="1.0" encoding="UTF-8"?>
<testsuite name="com.allstate.controllers.MathControllerTest" tests="3" skipped="0" failures="0" errors="0" timestamp="2017-01-11T10:12:38" hostname="COMPOZED-AL-021" time="0.023">
  <properties/>
  <testcase name="shouldReturnFactorial" classname="com.allstate.controllers.MathControllerTest" time="0.016"/>
  <testcase name="shouldReturnFibonacci" classname="com.allstate.controllers.MathControllerTest" time="0.003"/>
  <testcase name="shouldSquareAnInteger" classname="com.allstate.controllers.MathControllerTest" time="0.002"/>
  <system-out><![CDATA[2017-01-11 15:42:37.813  INFO 25239 --- [    Test worker] .b.t.a.w.s.WebMvcTestContextBootstrapper : Neither @ContextConfiguration nor @ContextHierarchy found for test class [com.allstate.controllers.MathControllerTest], using SpringBootContextLoader
2017-01-11 15:42:37.813  INFO 25239 --- [    Test worker] o.s.t.c.support.AbstractContextLoader    : Could not detect default resource locations for test class [com.allstate.controllers.MathControllerTest]: no resource found for suffixes {-context.xml, Context.groovy}.
2017-01-11 15:42:37.813  INFO 25239 --- [    Test worker] t.c.s.AnnotationConfigContextLoaderUtils : Could not detect default configuration classes for test class [com.allstate.controllers.MathControllerTest]: MathControllerTest does not declare any static, non-private, non-final, nested classes annotated with @Configuration.
2017-01-11 15:42:37.816  INFO 25239 --- [    Test worker] .b.t.c.SpringBootTestContextBootstrapper : Found @SpringBootConfiguration com.allstate.SpringBasicsApplication for test class com.allstate.controllers.MathControllerTest
2017-01-11 15:42:37.817  INFO 25239 --- [    Test worker] .b.t.a.w.s.WebMvcTestContextBootstrapper : Loaded default TestExecutionListener class names from location [META-INF/spring.factories]: [org.springframework.boot.test.mock.mockito.MockitoTestExecutionListener, org.springframework.boot.test.mock.mockito.ResetMocksTestExecutionListener, org.springframework.boot.test.autoconfigure.restdocs.RestDocsTestExecutionListener, org.springframework.boot.test.autoconfigure.web.client.MockRestServiceServerResetTestExecutionListener, org.springframework.boot.test.autoconfigure.web.servlet.MockMvcPrintOnlyOnFailureTestExecutionListener, org.springframework.boot.test.autoconfigure.web.servlet.WebDriverTestExecutionListener, org.springframework.test.context.web.ServletTestExecutionListener, org.springframework.test.context.support.DirtiesContextBeforeModesTestExecutionListener, org.springframework.test.context.support.DependencyInjectionTestExecutionListener, org.springframework.test.context.support.DirtiesContextTestExecutionListener, org.springframework.test.context.transaction.TransactionalTestExecutionListener, org.springframework.test.context.jdbc.SqlScriptsTestExecutionListener]
2017-01-11 15:42:37.819  INFO 25239 --- [    Test worker] .b.t.a.w.s.WebMvcTestContextBootstrapper : Could not instantiate TestExecutionListener [org.springframework.test.context.jdbc.SqlScriptsTestExecutionListener]. Specify custom listener classes or make the default listener classes (and their required dependencies) available. Offending class: [org/springframework/transaction/interceptor/TransactionAttribute]
2017-01-11 15:42:37.819  INFO 25239 --- [    Test worker] .b.t.a.w.s.WebMvcTestContextBootstrapper : Could not instantiate TestExecutionListener [org.springframework.test.context.transaction.TransactionalTestExecutionListener]. Specify custom listener classes or make the default listener classes (and their required dependencies) available. Offending class: [org/springframework/transaction/interceptor/TransactionAttributeSource]
2017-01-11 15:42:37.819  INFO 25239 --- [    Test worker] .b.t.a.w.s.WebMvcTestContextBootstrapper : Using TestExecutionListeners: [org.springframework.test.context.web.ServletTestExecutionListener@3a906360, org.springframework.test.context.support.DirtiesContextBeforeModesTestExecutionListener@5639f39d, org.springframework.boot.test.autoconfigure.SpringBootDependencyInjectionTestExecutionListener@74eaa751, org.springframework.test.context.support.DirtiesContextTestExecutionListener@6dc76926, org.springframework.boot.test.autoconfigure.web.servlet.MockMvcPrintOnlyOnFailureTestExecutionListener@54f58c9d, org.springframework.boot.test.autoconfigure.web.servlet.WebDriverTestExecutionListener@4dc92885, org.springframework.boot.test.mock.mockito.MockitoTestExecutionListener@6cb8de42, org.springframework.boot.test.autoconfigure.web.client.MockRestServiceServerResetTestExecutionListener@3a6014aa, org.springframework.boot.test.mock.mockito.ResetMocksTestExecutionListener@4289f61f, org.springframework.boot.test.autoconfigure.restdocs.RestDocsTestExecutionListener@460063cb]

  .   ____          _            __ _ _
 /\\ / ___'_ __ _ _(_)_ __  __ _ \ \ \ \
( ( )\___ | '_ | '_| | '_ \/ _` | \ \ \ \
 \\/  ___)| |_)| | | | | || (_| |  ) ) ) )
  '  |____| .__|_| |_|_| |_\__, | / / / /
 =========|_|==============|___/=/_/_/_/
 :: Spring Boot ::        (v1.4.3.RELEASE)

2017-01-11 15:42:37.842  INFO 25239 --- [    Test worker] c.a.controllers.MathControllerTest       : Starting MathControllerTest on COMPOZED-AL-021 with PID 25239 (started by localadmin in /Users/localadmin/workspace/abhi/springbasics)
2017-01-11 15:42:37.842  INFO 25239 --- [    Test worker] c.a.controllers.MathControllerTest       : No active profile set, falling back to default profiles: default
2017-01-11 15:42:37.843  INFO 25239 --- [    Test worker] o.s.w.c.s.GenericWebApplicationContext   : Refreshing org.springframework.web.context.support.GenericWebApplicationContext@78fa3770: startup date [Wed Jan 11 15:42:37 IST 2017]; root of context hierarchy
2017-01-11 15:42:38.030  INFO 25239 --- [    Test worker] s.w.s.m.m.a.RequestMappingHandlerAdapter : Looking for @ControllerAdvice: org.springframework.web.context.support.GenericWebApplicationContext@78fa3770: startup date [Wed Jan 11 15:42:37 IST 2017]; root of context hierarchy
2017-01-11 15:42:38.038  INFO 25239 --- [    Test worker] s.w.s.m.m.a.RequestMappingHandlerMapping : Mapped "{[/math/square/{x}]}" onto public java.util.Map<java.lang.String, java.lang.Integer> com.allstate.controllers.MathController.square(int)
2017-01-11 15:42:38.039  INFO 25239 --- [    Test worker] s.w.s.m.m.a.RequestMappingHandlerMapping : Mapped "{[/math/factorial/{x}]}" onto public java.util.Map<java.lang.String, java.lang.Integer> com.allstate.controllers.MathController.factorial(int)
2017-01-11 15:42:38.039  INFO 25239 --- [    Test worker] s.w.s.m.m.a.RequestMappingHandlerMapping : Mapped "{[/math/fibonacci/{x}]}" onto public java.util.Map<java.lang.String, java.lang.Integer> com.allstate.controllers.MathController.fibonacci(int)
2017-01-11 15:42:38.054  INFO 25239 --- [    Test worker] o.s.w.s.handler.SimpleUrlHandlerMapping  : Mapped URL path [/webjars/**] onto handler of type [class org.springframework.web.servlet.resource.ResourceHttpRequestHandler]
2017-01-11 15:42:38.054  INFO 25239 --- [    Test worker] o.s.w.s.handler.SimpleUrlHandlerMapping  : Mapped URL path [/**] onto handler of type [class org.springframework.web.servlet.resource.ResourceHttpRequestHandler]
2017-01-11 15:42:38.067  INFO 25239 --- [    Test worker] o.s.w.s.handler.SimpleUrlHandlerMapping  : Mapped URL path [/**/favicon.ico] onto handler of type [class org.springframework.web.servlet.resource.ResourceHttpRequestHandler]
2017-01-11 15:42:38.095  INFO 25239 --- [    Test worker] o.s.b.t.m.w.SpringBootMockServletContext : Initializing Spring FrameworkServlet ''
2017-01-11 15:42:38.096  INFO 25239 --- [    Test worker] o.s.t.web.servlet.TestDispatcherServlet  : FrameworkServlet '': initialization started
2017-01-11 15:42:38.099  INFO 25239 --- [    Test worker] o.s.t.web.servlet.TestDispatcherServlet  : FrameworkServlet '': initialization completed in 3 ms
2017-01-11 15:42:38.141  INFO 25239 --- [    Test worker] c.a.controllers.MathControllerTest       : Started MathControllerTest in 0.319 seconds (JVM running for 2.058)
]]></system-out>
  <system-err><![CDATA[]]></system-err>
</testsuite>
