<?xml version="1.0" encoding="UTF-8"?>
<testsuite name="com.allstate.controllers.MainControllerTest" tests="1" skipped="0" failures="0" errors="0" timestamp="2017-01-11T10:12:37" hostname="COMPOZED-AL-021" time="0.115">
  <properties/>
  <testcase name="shouldReturnHelloMessageFromHomeMethod" classname="com.allstate.controllers.MainControllerTest" time="0.115"/>
  <system-out><![CDATA[15:42:36.407 [Test worker] DEBUG org.springframework.test.context.junit4.SpringJUnit4ClassRunner - SpringJUnit4ClassRunner constructor called with [class com.allstate.controllers.MainControllerTest]
15:42:36.409 [Test worker] DEBUG org.springframework.test.context.BootstrapUtils - Instantiating CacheAwareContextLoaderDelegate from class [org.springframework.test.context.cache.DefaultCacheAwareContextLoaderDelegate]
15:42:36.413 [Test worker] DEBUG org.springframework.test.context.BootstrapUtils - Instantiating BootstrapContext using constructor [public org.springframework.test.context.support.DefaultBootstrapContext(java.lang.Class,org.springframework.test.context.CacheAwareContextLoaderDelegate)]
15:42:36.422 [Test worker] DEBUG org.springframework.test.context.BootstrapUtils - Instantiating TestContextBootstrapper for test class [com.allstate.controllers.MainControllerTest] from class [org.springframework.boot.test.autoconfigure.web.servlet.WebMvcTestContextBootstrapper]
15:42:36.434 [Test worker] INFO org.springframework.boot.test.autoconfigure.web.servlet.WebMvcTestContextBootstrapper - Neither @ContextConfiguration nor @ContextHierarchy found for test class [com.allstate.controllers.MainControllerTest], using SpringBootContextLoader
15:42:36.437 [Test worker] DEBUG org.springframework.test.context.support.AbstractContextLoader - Did not detect default resource location for test class [com.allstate.controllers.MainControllerTest]: class path resource [com/allstate/controllers/MainControllerTest-context.xml] does not exist
15:42:36.437 [Test worker] DEBUG org.springframework.test.context.support.AbstractContextLoader - Did not detect default resource location for test class [com.allstate.controllers.MainControllerTest]: class path resource [com/allstate/controllers/MainControllerTestContext.groovy] does not exist
15:42:36.437 [Test worker] INFO org.springframework.test.context.support.AbstractContextLoader - Could not detect default resource locations for test class [com.allstate.controllers.MainControllerTest]: no resource found for suffixes {-context.xml, Context.groovy}.
15:42:36.438 [Test worker] INFO org.springframework.test.context.support.AnnotationConfigContextLoaderUtils - Could not detect default configuration classes for test class [com.allstate.controllers.MainControllerTest]: MainControllerTest does not declare any static, non-private, non-final, nested classes annotated with @Configuration.
15:42:36.468 [Test worker] DEBUG org.springframework.test.context.support.ActiveProfilesUtils - Could not find an 'annotation declaring class' for annotation type [org.springframework.test.context.ActiveProfiles] and class [com.allstate.controllers.MainControllerTest]
15:42:36.474 [Test worker] DEBUG org.springframework.core.env.StandardEnvironment - Adding [systemProperties] PropertySource with lowest search precedence
15:42:36.475 [Test worker] DEBUG org.springframework.core.env.StandardEnvironment - Adding [systemEnvironment] PropertySource with lowest search precedence
15:42:36.475 [Test worker] DEBUG org.springframework.core.env.StandardEnvironment - Initialized StandardEnvironment with PropertySources [systemProperties,systemEnvironment]
15:42:36.484 [Test worker] DEBUG org.springframework.core.io.support.PathMatchingResourcePatternResolver - Resolved classpath location [com/allstate/controllers/] to resources [URL [file:/Users/localadmin/workspace/abhi/springbasics/build/classes/test/com/allstate/controllers/], URL [file:/Users/localadmin/workspace/abhi/springbasics/build/classes/main/com/allstate/controllers/]]
15:42:36.484 [Test worker] DEBUG org.springframework.core.io.support.PathMatchingResourcePatternResolver - Looking for matching resources in directory tree [/Users/localadmin/workspace/abhi/springbasics/build/classes/test/com/allstate/controllers]
15:42:36.485 [Test worker] DEBUG org.springframework.core.io.support.PathMatchingResourcePatternResolver - Searching directory [/Users/localadmin/workspace/abhi/springbasics/build/classes/test/com/allstate/controllers] for files matching pattern [/Users/localadmin/workspace/abhi/springbasics/build/classes/test/com/allstate/controllers/*.class]
15:42:36.488 [Test worker] DEBUG org.springframework.core.io.support.PathMatchingResourcePatternResolver - Looking for matching resources in directory tree [/Users/localadmin/workspace/abhi/springbasics/build/classes/main/com/allstate/controllers]
15:42:36.488 [Test worker] DEBUG org.springframework.core.io.support.PathMatchingResourcePatternResolver - Searching directory [/Users/localadmin/workspace/abhi/springbasics/build/classes/main/com/allstate/controllers] for files matching pattern [/Users/localadmin/workspace/abhi/springbasics/build/classes/main/com/allstate/controllers/*.class]
15:42:36.489 [Test worker] DEBUG org.springframework.core.io.support.PathMatchingResourcePatternResolver - Resolved location pattern [classpath*:com/allstate/controllers/*.class] to resources [file [/Users/localadmin/workspace/abhi/springbasics/build/classes/test/com/allstate/controllers/MainControllerTest.class], file [/Users/localadmin/workspace/abhi/springbasics/build/classes/test/com/allstate/controllers/MathControllerTest.class], file [/Users/localadmin/workspace/abhi/springbasics/build/classes/test/com/allstate/controllers/PointsControllerTest.class], file [/Users/localadmin/workspace/abhi/springbasics/build/classes/test/com/allstate/controllers/TriangleControllerTest.class], file [/Users/localadmin/workspace/abhi/springbasics/build/classes/main/com/allstate/controllers/MainController.class], file [/Users/localadmin/workspace/abhi/springbasics/build/classes/main/com/allstate/controllers/MathController.class], file [/Users/localadmin/workspace/abhi/springbasics/build/classes/main/com/allstate/controllers/PointsController.class], file [/Users/localadmin/workspace/abhi/springbasics/build/classes/main/com/allstate/controllers/TriangleController.class]]
15:42:36.508 [Test worker] DEBUG org.springframework.core.io.support.PathMatchingResourcePatternResolver - Resolved classpath location [com/allstate/] to resources [URL [file:/Users/localadmin/workspace/abhi/springbasics/build/classes/test/com/allstate/], URL [file:/Users/localadmin/workspace/abhi/springbasics/build/classes/main/com/allstate/]]
15:42:36.508 [Test worker] DEBUG org.springframework.core.io.support.PathMatchingResourcePatternResolver - Looking for matching resources in directory tree [/Users/localadmin/workspace/abhi/springbasics/build/classes/test/com/allstate]
15:42:36.508 [Test worker] DEBUG org.springframework.core.io.support.PathMatchingResourcePatternResolver - Searching directory [/Users/localadmin/workspace/abhi/springbasics/build/classes/test/com/allstate] for files matching pattern [/Users/localadmin/workspace/abhi/springbasics/build/classes/test/com/allstate/*.class]
15:42:36.508 [Test worker] DEBUG org.springframework.core.io.support.PathMatchingResourcePatternResolver - Looking for matching resources in directory tree [/Users/localadmin/workspace/abhi/springbasics/build/classes/main/com/allstate]
15:42:36.508 [Test worker] DEBUG org.springframework.core.io.support.PathMatchingResourcePatternResolver - Searching directory [/Users/localadmin/workspace/abhi/springbasics/build/classes/main/com/allstate] for files matching pattern [/Users/localadmin/workspace/abhi/springbasics/build/classes/main/com/allstate/*.class]
15:42:36.509 [Test worker] DEBUG org.springframework.core.io.support.PathMatchingResourcePatternResolver - Resolved location pattern [classpath*:com/allstate/*.class] to resources [file [/Users/localadmin/workspace/abhi/springbasics/build/classes/test/com/allstate/SpringBasicsApplicationTests.class], file [/Users/localadmin/workspace/abhi/springbasics/build/classes/main/com/allstate/SpringBasicsApplication.class]]
15:42:36.519 [Test worker] DEBUG org.springframework.context.annotation.ClassPathScanningCandidateComponentProvider - Identified candidate component class: file [/Users/localadmin/workspace/abhi/springbasics/build/classes/main/com/allstate/SpringBasicsApplication.class]
15:42:36.520 [Test worker] INFO org.springframework.boot.test.context.SpringBootTestContextBootstrapper - Found @SpringBootConfiguration com.allstate.SpringBasicsApplication for test class com.allstate.controllers.MainControllerTest
15:42:36.522 [Test worker] DEBUG org.springframework.boot.test.autoconfigure.web.servlet.WebMvcTestContextBootstrapper - @TestExecutionListeners is not present for class [com.allstate.controllers.MainControllerTest]: using defaults.
15:42:36.524 [Test worker] INFO org.springframework.boot.test.autoconfigure.web.servlet.WebMvcTestContextBootstrapper - Loaded default TestExecutionListener class names from location [META-INF/spring.factories]: [org.springframework.boot.test.mock.mockito.MockitoTestExecutionListener, org.springframework.boot.test.mock.mockito.ResetMocksTestExecutionListener, org.springframework.boot.test.autoconfigure.restdocs.RestDocsTestExecutionListener, org.springframework.boot.test.autoconfigure.web.client.MockRestServiceServerResetTestExecutionListener, org.springframework.boot.test.autoconfigure.web.servlet.MockMvcPrintOnlyOnFailureTestExecutionListener, org.springframework.boot.test.autoconfigure.web.servlet.WebDriverTestExecutionListener, org.springframework.test.context.web.ServletTestExecutionListener, org.springframework.test.context.support.DirtiesContextBeforeModesTestExecutionListener, org.springframework.test.context.support.DependencyInjectionTestExecutionListener, org.springframework.test.context.support.DirtiesContextTestExecutionListener, org.springframework.test.context.transaction.TransactionalTestExecutionListener, org.springframework.test.context.jdbc.SqlScriptsTestExecutionListener]
15:42:36.532 [Test worker] INFO org.springframework.boot.test.autoconfigure.web.servlet.WebMvcTestContextBootstrapper - Could not instantiate TestExecutionListener [org.springframework.test.context.jdbc.SqlScriptsTestExecutionListener]. Specify custom listener classes or make the default listener classes (and their required dependencies) available. Offending class: [org/springframework/transaction/interceptor/TransactionAttribute]
15:42:36.532 [Test worker] INFO org.springframework.boot.test.autoconfigure.web.servlet.WebMvcTestContextBootstrapper - Could not instantiate TestExecutionListener [org.springframework.test.context.transaction.TransactionalTestExecutionListener]. Specify custom listener classes or make the default listener classes (and their required dependencies) available. Offending class: [org/springframework/transaction/interceptor/TransactionAttributeSource]
15:42:36.533 [Test worker] INFO org.springframework.boot.test.autoconfigure.web.servlet.WebMvcTestContextBootstrapper - Using TestExecutionListeners: [org.springframework.test.context.web.ServletTestExecutionListener@737fe73f, org.springframework.test.context.support.DirtiesContextBeforeModesTestExecutionListener@795253d4, org.springframework.boot.test.autoconfigure.SpringBootDependencyInjectionTestExecutionListener@2f94a554, org.springframework.test.context.support.DirtiesContextTestExecutionListener@d5a89f9, org.springframework.boot.test.autoconfigure.web.servlet.MockMvcPrintOnlyOnFailureTestExecutionListener@110c172, org.springframework.boot.test.autoconfigure.web.servlet.WebDriverTestExecutionListener@6ab7ee77, org.springframework.boot.test.mock.mockito.MockitoTestExecutionListener@60034870, org.springframework.boot.test.autoconfigure.web.client.MockRestServiceServerResetTestExecutionListener@394f00c8, org.springframework.boot.test.mock.mockito.ResetMocksTestExecutionListener@3e535dc2, org.springframework.boot.test.autoconfigure.restdocs.RestDocsTestExecutionListener@6bc2d829]
15:42:36.534 [Test worker] DEBUG org.springframework.test.annotation.ProfileValueUtils - Retrieved @ProfileValueSourceConfiguration [null] for test class [com.allstate.controllers.MainControllerTest]
15:42:36.535 [Test worker] DEBUG org.springframework.test.annotation.ProfileValueUtils - Retrieved ProfileValueSource type [class org.springframework.test.annotation.SystemProfileValueSource] for class [com.allstate.controllers.MainControllerTest]
15:42:36.536 [Test worker] DEBUG org.springframework.test.annotation.ProfileValueUtils - Retrieved @ProfileValueSourceConfiguration [null] for test class [com.allstate.controllers.MainControllerTest]
15:42:36.536 [Test worker] DEBUG org.springframework.test.annotation.ProfileValueUtils - Retrieved ProfileValueSource type [class org.springframework.test.annotation.SystemProfileValueSource] for class [com.allstate.controllers.MainControllerTest]
15:42:36.539 [Test worker] DEBUG org.springframework.test.context.support.AbstractDirtiesContextTestExecutionListener - Before test class: context [DefaultTestContext@6b4b7280 testClass = MainControllerTest, testInstance = [null], testMethod = [null], testException = [null], mergedContextConfiguration = [WebMergedContextConfiguration@3aecf7cd testClass = MainControllerTest, locations = '{}', classes = '{class com.allstate.SpringBasicsApplication}', contextInitializerClasses = '[]', activeProfiles = '{}', propertySourceLocations = '{}', propertySourceProperties = '{org.springframework.boot.test.autoconfigure.web.servlet.WebMvcTestContextBootstrapper=true}', contextCustomizers = set[org.springframework.boot.test.context.ImportsContextCustomizer@a09c5040, org.springframework.boot.test.context.filter.ExcludeFilterContextCustomizer@7d28a2d6, org.springframework.boot.test.mock.mockito.MockitoContextCustomizer@0, org.springframework.boot.test.autoconfigure.OverrideAutoConfigurationContextCustomizerFactory$DisableAutoConfigurationContextCustomizer@3196a014, org.springframework.boot.test.autoconfigure.filter.TypeExcludeFiltersContextCustomizer@71db811e, org.springframework.boot.test.autoconfigure.properties.PropertyMappingContextCustomizer@62d4b21, org.springframework.boot.test.autoconfigure.web.servlet.WebDriverContextCustomizerFactory$Customizer@2bd06922], resourceBasePath = '', contextLoader = 'org.springframework.boot.test.context.SpringBootContextLoader', parent = [null]]], class annotated with @DirtiesContext [false] with mode [null].
15:42:36.539 [Test worker] DEBUG org.springframework.test.annotation.ProfileValueUtils - Retrieved @ProfileValueSourceConfiguration [null] for test class [com.allstate.controllers.MainControllerTest]
15:42:36.539 [Test worker] DEBUG org.springframework.test.annotation.ProfileValueUtils - Retrieved ProfileValueSource type [class org.springframework.test.annotation.SystemProfileValueSource] for class [com.allstate.controllers.MainControllerTest]
15:42:36.540 [Test worker] DEBUG org.springframework.test.context.support.DependencyInjectionTestExecutionListener - Performing dependency injection for test context [[DefaultTestContext@6b4b7280 testClass = MainControllerTest, testInstance = com.allstate.controllers.MainControllerTest@295b8f2e, testMethod = [null], testException = [null], mergedContextConfiguration = [WebMergedContextConfiguration@3aecf7cd testClass = MainControllerTest, locations = '{}', classes = '{class com.allstate.SpringBasicsApplication}', contextInitializerClasses = '[]', activeProfiles = '{}', propertySourceLocations = '{}', propertySourceProperties = '{org.springframework.boot.test.autoconfigure.web.servlet.WebMvcTestContextBootstrapper=true}', contextCustomizers = set[org.springframework.boot.test.context.ImportsContextCustomizer@a09c5040, org.springframework.boot.test.context.filter.ExcludeFilterContextCustomizer@7d28a2d6, org.springframework.boot.test.mock.mockito.MockitoContextCustomizer@0, org.springframework.boot.test.autoconfigure.OverrideAutoConfigurationContextCustomizerFactory$DisableAutoConfigurationContextCustomizer@3196a014, org.springframework.boot.test.autoconfigure.filter.TypeExcludeFiltersContextCustomizer@71db811e, org.springframework.boot.test.autoconfigure.properties.PropertyMappingContextCustomizer@62d4b21, org.springframework.boot.test.autoconfigure.web.servlet.WebDriverContextCustomizerFactory$Customizer@2bd06922], resourceBasePath = '', contextLoader = 'org.springframework.boot.test.context.SpringBootContextLoader', parent = [null]]]].
15:42:36.573 [Test worker] DEBUG org.springframework.core.env.StandardEnvironment - Adding [systemProperties] PropertySource with lowest search precedence
15:42:36.573 [Test worker] DEBUG org.springframework.core.env.StandardEnvironment - Adding [systemEnvironment] PropertySource with lowest search precedence
15:42:36.573 [Test worker] DEBUG org.springframework.core.env.StandardEnvironment - Initialized StandardEnvironment with PropertySources [systemProperties,systemEnvironment]
15:42:36.573 [Test worker] DEBUG org.springframework.test.context.support.TestPropertySourceUtils - Adding inlined properties to environment: {spring.jmx.enabled=false, org.springframework.boot.test.autoconfigure.web.servlet.WebMvcTestContextBootstrapper=true, server.port=-1}
15:42:36.574 [Test worker] DEBUG org.springframework.core.env.StandardEnvironment - Adding [Inlined Test Properties] PropertySource with highest search precedence

  .   ____          _            __ _ _
 /\\ / ___'_ __ _ _(_)_ __  __ _ \ \ \ \
( ( )\___ | '_ | '_| | '_ \/ _` | \ \ \ \
 \\/  ___)| |_)| | | | | || (_| |  ) ) ) )
  '  |____| .__|_| |_|_| |_\__, | / / / /
 =========|_|==============|___/=/_/_/_/
 :: Spring Boot ::        (v1.4.3.RELEASE)

2017-01-11 15:42:36.832  INFO 25239 --- [    Test worker] c.a.controllers.MainControllerTest       : Starting MainControllerTest on COMPOZED-AL-021 with PID 25239 (started by localadmin in /Users/localadmin/workspace/abhi/springbasics)
2017-01-11 15:42:36.833  INFO 25239 --- [    Test worker] c.a.controllers.MainControllerTest       : No active profile set, falling back to default profiles: default
2017-01-11 15:42:36.846  INFO 25239 --- [    Test worker] o.s.w.c.s.GenericWebApplicationContext   : Refreshing org.springframework.web.context.support.GenericWebApplicationContext@14423761: startup date [Wed Jan 11 15:42:36 IST 2017]; root of context hierarchy
2017-01-11 15:42:37.440  INFO 25239 --- [    Test worker] s.w.s.m.m.a.RequestMappingHandlerAdapter : Looking for @ControllerAdvice: org.springframework.web.context.support.GenericWebApplicationContext@14423761: startup date [Wed Jan 11 15:42:36 IST 2017]; root of context hierarchy
2017-01-11 15:42:37.480  INFO 25239 --- [    Test worker] s.w.s.m.m.a.RequestMappingHandlerMapping : Mapped "{[/],methods=[GET]}" onto public com.allstate.models.Hello com.allstate.controllers.MainController.home()
2017-01-11 15:42:37.501  INFO 25239 --- [    Test worker] o.s.w.s.handler.SimpleUrlHandlerMapping  : Mapped URL path [/webjars/**] onto handler of type [class org.springframework.web.servlet.resource.ResourceHttpRequestHandler]
2017-01-11 15:42:37.501  INFO 25239 --- [    Test worker] o.s.w.s.handler.SimpleUrlHandlerMapping  : Mapped URL path [/**] onto handler of type [class org.springframework.web.servlet.resource.ResourceHttpRequestHandler]
2017-01-11 15:42:37.525  INFO 25239 --- [    Test worker] o.s.w.s.handler.SimpleUrlHandlerMapping  : Mapped URL path [/**/favicon.ico] onto handler of type [class org.springframework.web.servlet.resource.ResourceHttpRequestHandler]
2017-01-11 15:42:37.600  INFO 25239 --- [    Test worker] o.s.b.t.m.w.SpringBootMockServletContext : Initializing Spring FrameworkServlet ''
2017-01-11 15:42:37.600  INFO 25239 --- [    Test worker] o.s.t.web.servlet.TestDispatcherServlet  : FrameworkServlet '': initialization started
2017-01-11 15:42:37.608  INFO 25239 --- [    Test worker] o.s.t.web.servlet.TestDispatcherServlet  : FrameworkServlet '': initialization completed in 7 ms
2017-01-11 15:42:37.690  INFO 25239 --- [    Test worker] c.a.controllers.MainControllerTest       : Started MainControllerTest in 1.11 seconds (JVM running for 1.607)
]]></system-out>
  <system-err><![CDATA[]]></system-err>
</testsuite>
