<?xml version="1.0" encoding="UTF-8"?>
<testsuite name="com.allstate.controllers.TriangleControllerTest" tests="1" skipped="0" failures="0" errors="0" timestamp="2017-01-11T10:12:38" hostname="COMPOZED-AL-021" time="0.004">
  <properties/>
  <testcase name="area" classname="com.allstate.controllers.TriangleControllerTest" time="0.004"/>
  <system-out><![CDATA[2017-01-11 15:42:38.526  INFO 25239 --- [    Test worker] .b.t.a.w.s.WebMvcTestContextBootstrapper : Neither @ContextConfiguration nor @ContextHierarchy found for test class [com.allstate.controllers.TriangleControllerTest], using SpringBootContextLoader
2017-01-11 15:42:38.527  INFO 25239 --- [    Test worker] o.s.t.c.support.AbstractContextLoader    : Could not detect default resource locations for test class [com.allstate.controllers.TriangleControllerTest]: no resource found for suffixes {-context.xml, Context.groovy}.
2017-01-11 15:42:38.527  INFO 25239 --- [    Test worker] t.c.s.AnnotationConfigContextLoaderUtils : Could not detect default configuration classes for test class [com.allstate.controllers.TriangleControllerTest]: TriangleControllerTest does not declare any static, non-private, non-final, nested classes annotated with @Configuration.
2017-01-11 15:42:38.529  INFO 25239 --- [    Test worker] .b.t.c.SpringBootTestContextBootstrapper : Found @SpringBootConfiguration com.allstate.SpringBasicsApplication for test class com.allstate.controllers.TriangleControllerTest
2017-01-11 15:42:38.530  INFO 25239 --- [    Test worker] .b.t.a.w.s.WebMvcTestContextBootstrapper : Loaded default TestExecutionListener class names from location [META-INF/spring.factories]: [org.springframework.boot.test.mock.mockito.MockitoTestExecutionListener, org.springframework.boot.test.mock.mockito.ResetMocksTestExecutionListener, org.springframework.boot.test.autoconfigure.restdocs.RestDocsTestExecutionListener, org.springframework.boot.test.autoconfigure.web.client.MockRestServiceServerResetTestExecutionListener, org.springframework.boot.test.autoconfigure.web.servlet.MockMvcPrintOnlyOnFailureTestExecutionListener, org.springframework.boot.test.autoconfigure.web.servlet.WebDriverTestExecutionListener, org.springframework.test.context.web.ServletTestExecutionListener, org.springframework.test.context.support.DirtiesContextBeforeModesTestExecutionListener, org.springframework.test.context.support.DependencyInjectionTestExecutionListener, org.springframework.test.context.support.DirtiesContextTestExecutionListener, org.springframework.test.context.transaction.TransactionalTestExecutionListener, org.springframework.test.context.jdbc.SqlScriptsTestExecutionListener]
2017-01-11 15:42:38.532  INFO 25239 --- [    Test worker] .b.t.a.w.s.WebMvcTestContextBootstrapper : Could not instantiate TestExecutionListener [org.springframework.test.context.jdbc.SqlScriptsTestExecutionListener]. Specify custom listener classes or make the default listener classes (and their required dependencies) available. Offending class: [org/springframework/transaction/interceptor/TransactionAttribute]
2017-01-11 15:42:38.533  INFO 25239 --- [    Test worker] .b.t.a.w.s.WebMvcTestContextBootstrapper : Could not instantiate TestExecutionListener [org.springframework.test.context.transaction.TransactionalTestExecutionListener]. Specify custom listener classes or make the default listener classes (and their required dependencies) available. Offending class: [org/springframework/transaction/interceptor/TransactionAttributeSource]
2017-01-11 15:42:38.533  INFO 25239 --- [    Test worker] .b.t.a.w.s.WebMvcTestContextBootstrapper : Using TestExecutionListeners: [org.springframework.test.context.web.ServletTestExecutionListener@6fd72cd7, org.springframework.test.context.support.DirtiesContextBeforeModesTestExecutionListener@60c0b395, org.springframework.boot.test.autoconfigure.SpringBootDependencyInjectionTestExecutionListener@24c6f55a, org.springframework.test.context.support.DirtiesContextTestExecutionListener@3943a2cd, org.springframework.boot.test.autoconfigure.web.servlet.MockMvcPrintOnlyOnFailureTestExecutionListener@6fa480a6, org.springframework.boot.test.autoconfigure.web.servlet.WebDriverTestExecutionListener@a9dcadc, org.springframework.boot.test.mock.mockito.MockitoTestExecutionListener@19e282f0, org.springframework.boot.test.autoconfigure.web.client.MockRestServiceServerResetTestExecutionListener@3d931ecb, org.springframework.boot.test.mock.mockito.ResetMocksTestExecutionListener@7679086f, org.springframework.boot.test.autoconfigure.restdocs.RestDocsTestExecutionListener@1256e756]

  .   ____          _            __ _ _
 /\\ / ___'_ __ _ _(_)_ __  __ _ \ \ \ \
( ( )\___ | '_ | '_| | '_ \/ _` | \ \ \ \
 \\/  ___)| |_)| | | | | || (_| |  ) ) ) )
  '  |____| .__|_| |_|_| |_\__, | / / / /
 =========|_|==============|___/=/_/_/_/
 :: Spring Boot ::        (v1.4.3.RELEASE)

2017-01-11 15:42:38.547  INFO 25239 --- [    Test worker] c.a.controllers.TriangleControllerTest   : Starting TriangleControllerTest on COMPOZED-AL-021 with PID 25239 (started by localadmin in /Users/localadmin/workspace/abhi/springbasics)
2017-01-11 15:42:38.547  INFO 25239 --- [    Test worker] c.a.controllers.TriangleControllerTest   : No active profile set, falling back to default profiles: default
2017-01-11 15:42:38.548  INFO 25239 --- [    Test worker] o.s.w.c.s.GenericWebApplicationContext   : Refreshing org.springframework.web.context.support.GenericWebApplicationContext@42ac5e0f: startup date [Wed Jan 11 15:42:38 IST 2017]; root of context hierarchy
2017-01-11 15:42:38.673  INFO 25239 --- [    Test worker] s.w.s.m.m.a.RequestMappingHandlerAdapter : Looking for @ControllerAdvice: org.springframework.web.context.support.GenericWebApplicationContext@42ac5e0f: startup date [Wed Jan 11 15:42:38 IST 2017]; root of context hierarchy
2017-01-11 15:42:38.682  INFO 25239 --- [    Test worker] s.w.s.m.m.a.RequestMappingHandlerMapping : Mapped "{[/triangle/area],methods=[POST]}" onto public java.util.Map<java.lang.String, java.lang.Integer> com.allstate.controllers.TriangleController.area(java.util.List<com.allstate.models.Triangle>)
2017-01-11 15:42:38.696  INFO 25239 --- [    Test worker] o.s.w.s.handler.SimpleUrlHandlerMapping  : Mapped URL path [/webjars/**] onto handler of type [class org.springframework.web.servlet.resource.ResourceHttpRequestHandler]
2017-01-11 15:42:38.696  INFO 25239 --- [    Test worker] o.s.w.s.handler.SimpleUrlHandlerMapping  : Mapped URL path [/**] onto handler of type [class org.springframework.web.servlet.resource.ResourceHttpRequestHandler]
2017-01-11 15:42:38.711  INFO 25239 --- [    Test worker] o.s.w.s.handler.SimpleUrlHandlerMapping  : Mapped URL path [/**/favicon.ico] onto handler of type [class org.springframework.web.servlet.resource.ResourceHttpRequestHandler]
2017-01-11 15:42:38.737  INFO 25239 --- [    Test worker] o.s.b.t.m.w.SpringBootMockServletContext : Initializing Spring FrameworkServlet ''
2017-01-11 15:42:38.737  INFO 25239 --- [    Test worker] o.s.t.web.servlet.TestDispatcherServlet  : FrameworkServlet '': initialization started
2017-01-11 15:42:38.741  INFO 25239 --- [    Test worker] o.s.t.web.servlet.TestDispatcherServlet  : FrameworkServlet '': initialization completed in 4 ms
2017-01-11 15:42:38.772  INFO 25239 --- [    Test worker] c.a.controllers.TriangleControllerTest   : Started TriangleControllerTest in 0.237 seconds (JVM running for 2.689)
]]></system-out>
  <system-err><![CDATA[]]></system-err>
</testsuite>
